  Building GameAssembly.dll with MsvcWinRtToolChain
  	Msvc Install Version: 15.0
  	Msvc Install SDK Directory: C:\Program Files (x86)\Windows Kits\10
  	Msvc Linker Path: C:\Program Files (x86)\Microsoft Visual Studio\2019\Community\VC\Tools\MSVC\14.25.28610\bin\HostX64\x86\link.exe
  	Msvc Compiler Path: C:\Program Files (x86)\Microsoft Visual Studio\2019\Community\VC\Tools\MSVC\14.25.28610\bin\HostX64\x86\cl.exe
  
  	Output directory: C:\Users\perud\Desktop\New Unity Project\apr23_finallllldemo\build\bin\Win32\Release
  	Cache directory: C:\Users\perud\Desktop\New Unity Project\apr23_finallllldemo\build\obj\il2cppOutputProject\Win32\Release
  Il2CppGenericMethodTable.c
  Il2CppGenericMethodDefinitions.c
  Il2CppGenericClassTable.c
  Il2CppInteropDataTable.cpp
  Il2CppGenericMethodPointerTable.cpp
  Il2CppMetadataUsage.c
  Il2CppCompilerCalculateTypeValues2.cpp
  Il2CppCompilerCalculateTypeValues.cpp
  Generics52.cpp
  Il2CppCompilerCalculateTypeValues1.cpp
  mscorlib_CodeGen.c
  GenericMethods2.cpp
  Il2CppInvokerTable.cpp
  Il2CppAttributes.cpp
  GenericMethods8.cpp
  Assembly-CSharp.cpp
  Il2CppTypeDefinitions.c
  Microsoft.MixedReality.Toolkit4.cpp
  Microsoft.MixedReality.Toolkit.SDK3.cpp
  Microsoft.MixedReality.Toolkit.SDK.cpp
  mscorlib3.cpp
  Microsoft.MixedReality.Toolkit.SDK4.cpp
  Vuforia.UnityExtensions2.cpp
  GenericMethods5.cpp
  Il2CppGenericInstDefinitions.c
  Microsoft.MixedReality.Toolkit.SDK5.cpp
  GenericMethods6.cpp
  Microsoft.MixedReality.Toolkit.Services.InputSystem.cpp
  Unity.TextMeshPro.cpp
  Vuforia.UnityExtensions1.cpp
  Unity.TextMeshPro2.cpp
  Generics25.cpp
  mscorlib4.cpp
  Generics4.cpp
  Generics10.cpp
  GenericMethods9.cpp
  Generics3.cpp
  mscorlib13.cpp
  Vuforia.UnityExtensions.cpp
  Microsoft.MixedReality.Toolkit.SDK1.cpp
  GenericMethods1.cpp
  Microsoft.MixedReality.Toolkit1.cpp
  Microsoft.MixedReality.Toolkit.SDK6.cpp
  Unity.TextMeshPro1.cpp
  UnityEngine.UI1.cpp
  Microsoft.MixedReality.Toolkit.SDK2.cpp
  Microsoft.MixedReality.Toolkit.cpp
  mscorlib6.cpp
  mscorlib10.cpp
  Generics2.cpp
  mscorlib7.cpp
  mscorlib11.cpp
  Microsoft.MixedReality.Toolkit2.cpp
  mscorlib2.cpp
  Il2CppComCallableWrappers1.cpp
  Unity.TextMeshPro3.cpp
  UnityEngine.UI.cpp
  mscorlib12.cpp
  Microsoft.MixedReality.Toolkit3.cpp
  Generics61.cpp
  Generics12.cpp
  mscorlib.cpp
  GenericMethods7.cpp
  mscorlib9.cpp
  Il2CppComCallableWrappers11.cpp
  Generics11.cpp
  mscorlib16.cpp
  Il2CppComCallableWrappers13.cpp
  mscorlib1.cpp
  Generics60.cpp
  UnresolvedVirtualCallStubs.cpp
  GenericMethods.cpp
  Generics32.cpp
  Generics30.cpp
  Generics1.cpp
  GenericMethods4.cpp
  mscorlib17.cpp
  Generics53.cpp
  Generics43.cpp
  Generics55.cpp
  mscorlib14.cpp
  Il2CppComCallableWrappers.cpp
  UnityEngine.UI2.cpp
  Il2CppComCallableWrappers25.cpp
  UnityEngine.CoreModule.cpp
  Generics54.cpp
  System.cpp
  System1.cpp
  Il2CppComCallableWrappers10.cpp
  Generics42.cpp
  Il2CppComCallableWrappers27.cpp
  mscorlib5.cpp
  Il2CppComCallableWrappers31.cpp
  Unity.TextMeshPro4.cpp
  Il2CppComCallableWrappers23.cpp
  Il2CppComCallableWrappers19.cpp
  UnityEngine.CoreModule1.cpp
  Generics41.cpp
  mscorlib8.cpp
  Il2CppComCallableWrappers24.cpp
  Il2CppComCallableWrappers20.cpp
  Il2CppComCallableWrappers30.cpp
  Generics13.cpp
  mscorlib15.cpp
  Il2CppComCallableWrappers17.cpp
  Il2CppComCallableWrappers33.cpp
  Il2CppComCallableWrappers32.cpp
  Il2CppComCallableWrappers21.cpp
  Generics31.cpp
  Il2CppComCallableWrappers29.cpp
  Generics38.cpp
  Generics64.cpp
  Il2CppComCallableWrappers28.cpp
  Il2CppComCallableWrappers26.cpp
  Il2CppComCallableWrappers22.cpp
  Generics48.cpp
  Il2CppComCallableWrappers16.cpp
  Generics63.cpp
  Il2CppComCallableWrappers6.cpp
  Il2CppComCallableWrappers18.cpp
  Il2CppComCallableWrappers12.cpp
  Generics62.cpp
  Generics59.cpp
  Il2CppComCallableWrappers5.cpp
  Il2CppComCallableWrappers15.cpp
  Il2CppComCallableWrappers9.cpp
  Generics5.cpp
  Il2CppComCallableWrappers4.cpp
  Il2CppComCallableWrappers14.cpp
  Microsoft.MixedReality.Toolkit.Providers.WindowsMixedReality.cpp
  Generics44.cpp
  Generics45.cpp
  Generics67.cpp
  Generics57.cpp
  Il2CppComCallableWrappers7.cpp
  Generics36.cpp
  Generics56.cpp
  Generics9.cpp
  Microsoft.MixedReality.Toolkit.Gltf.cpp
  Generics37.cpp
  Generics66.cpp
  Generics58.cpp
  Generics50.cpp
  Generics18.cpp
  Generics46.cpp
  Generics24.cpp
  Generics22.cpp
  Generics16.cpp
  Generics47.cpp
  Generics.cpp
  Generics51.cpp
  Generics49.cpp
  GenericMethods3.cpp
  Generics65.cpp
  UnityEngine.CoreModule2.cpp
  Generics15.cpp
  Il2CppComCallableWrappers3.cpp
  Il2CppProjectedComCallableWrapperMethods1.cpp
  Il2CppComCallableWrappers2.cpp
  Generics17.cpp
  Generics14.cpp
  Generics23.cpp
  Il2CppProjectedComCallableWrapperMethods2.cpp
  Il2CppProjectedComCallableWrapperMethods.cpp
  Generics29.cpp
  Generics33.cpp
  Il2CppProjectedComCallableWrapperMethods3.cpp
  Generics19.cpp
  Generics28.cpp
  Generics40.cpp
  Generics20.cpp
  Il2CppProjectedComCallableWrapperMethods4.cpp
  Il2CppComCallableWrappers8.cpp
  Generics27.cpp
  Generics26.cpp
  Generics8.cpp
  System2.cpp
  Generics35.cpp
  Generics21.cpp
  Microsoft.MixedReality.Toolkit.SDK_CodeGen.c
  Generics6.cpp
  Microsoft.MixedReality.Toolkit_CodeGen.c
  Generics34.cpp
  I18N.Rare.cpp
  Generics7.cpp
  Il2CppGenericComDefinitions.cpp
  Vuforia.UnityExtensions3.cpp
  Il2CppProjectedComCallableWrapperMethods5.cpp
  Vuforia.UnityExtensions_CodeGen.c
  UnityEngine.VRModule.cpp
  Microsoft.MixedReality.Toolkit.Services.SceneSystem.cpp
  UnityEngine.IMGUIModule.cpp
  Il2CppCompilerCalculateTypeValuesTable.cpp
  UnityEngine.UI3.cpp
  WindowsRuntimeMetadata.cpp
  Generics39.cpp
  GenericMethods10.cpp
  UnityEngine.CoreModule_CodeGen.c
  Assembly-CSharp1.cpp
  Il2CppComCallableWrappers34.cpp
  Microsoft.MixedReality.Toolkit.Services.InputAnimation.cpp
  I18N.West.cpp
  Generics68.cpp
  I18N.CJK.cpp
  Microsoft.MixedReality.Toolkit.Services.DiagnosticsSystem.cpp
  Microsoft.MixedReality.Toolkit5.cpp
  I18N.Rare1.cpp
  Microsoft.MixedReality.Toolkit.Services.InputSimulation.cpp
  UnityEngine.XRModule.cpp
  UnityEngine.UI_CodeGen.c
  Unity.TextMeshPro_CodeGen.c
  char-conversions.cpp
  UnityEngine.UnityWebRequestModule.cpp
  I18N.cpp
  UnityEngine.AndroidJNIModule.cpp
  Microsoft.MixedReality.Toolkit.Providers.WindowsVoiceInput.cpp
  System_CodeGen.c
  UnityEngine.ParticleSystemModule.cpp
  Microsoft.MixedReality.Toolkit.Providers.WindowsMixedReality.Shared.cpp
  I18N.Other.cpp
  Microsoft.MixedReality.Toolkit.Async.cpp
  mscorlib18.cpp
  UnityEngine.TextCoreModule.cpp
  UnityEngine.AnimationModule.cpp
  VuforiaScripts.cpp
  Microsoft.MixedReality.Toolkit.Services.InputSystem1.cpp
  UnityEngine.PhysicsModule.cpp
  UnityEngine.TerrainModule.cpp
  I18N.MidEast.cpp
  UnityEngine.TextRenderingModule.cpp
  System.Numerics.cpp
  UnityEngine.UIModule.cpp
  System.Runtime.WindowsRuntime.cpp
  Microsoft.MixedReality.Toolkit.Services.InputSystem_CodeGen.c
  UnityEngine.AudioModule.cpp
  Microsoft.MixedReality.Toolkit.Services.TeleportSystem.cpp
  UnityEngine.SharedInternalsModule.cpp
  Assembly-CSharp_CodeGen.c
  UnityEngine.Physics2DModule.cpp
  UnityEngine.VRModule_CodeGen.c
  UnityEngine.InputLegacyModule.cpp
  Microsoft.MixedReality.Toolkit.Services.SpatialAwarenessSystem.cpp
  WindowsRuntimeMetadata_CodeGen.c
  Microsoft.MixedReality.Toolkit.Services.CameraSystem.cpp
  System.Xml.cpp
  UnityEngine.IMGUIModule_CodeGen.c
  Mono.Security.cpp
  Microsoft.MixedReality.Toolkit.Providers.WindowsMixedReality_CodeGen.c
  Microsoft.MixedReality.Toolkit.Services.BoundarySystem.cpp
  I18N.Rare_CodeGen.c
  deflate.c
  UnityEngine.TilemapModule.cpp
  UnityEngine.AndroidJNIModule_CodeGen.c
  UnityEngine.UIElementsModule.cpp
  Microsoft.MixedReality.Toolkit.Services.SceneSystem_CodeGen.c
  UnityEngine.VideoModule.cpp
  I18N.CJK_CodeGen.c
  UnityEngine.UnityAnalyticsModule.cpp
  System.Configuration.cpp
  Microsoft.MixedReality.Toolkit.Gltf_CodeGen.c
  System.Core_CodeGen.c
  Microsoft.MixedReality.Toolkit.Services.InputAnimation_CodeGen.c
  UnityEngine.VFXModule.cpp
  inflate.c
  Microsoft.MixedReality.Toolkit.Services.InputSimulation_CodeGen.c
  UnityEngine.ParticleSystemModule_CodeGen.c
  UnityEngine.InputModule.cpp
  UnityEngine.PhysicsModule_CodeGen.c
  trees.c
  Microsoft.MixedReality.Toolkit.SDK7.cpp
  UnityEngine.XRModule_CodeGen.c
  Microsoft.MixedReality.Toolkit.Async_CodeGen.c
  UnityEngine.UnityWebRequestModule_CodeGen.c
  Microsoft.MixedReality.Toolkit.Services.DiagnosticsSystem_CodeGen.c
  UnityEngine.JSONSerializeModule.cpp
  UnityEngine.TextCoreModule_CodeGen.c
  I18N_CodeGen.c
  UnityEngine.AssetBundleModule.cpp
  xamarin_getifaddrs.c
  UnityEngine.AnimationModule_CodeGen.c
  UnityEngine.UIModule_CodeGen.c
  I18N.West_CodeGen.c
  System.Core.cpp
  System.Runtime.WindowsRuntime_CodeGen.c
  System.Runtime.WindowsRuntime.UI.Xaml.cpp
  UnityEngine.AudioModule_CodeGen.c
  gzread.c
  I18N.Other_CodeGen.c
  infback.c
  Microsoft.MixedReality.Toolkit.Providers.WindowsVoiceInput_CodeGen.c
  UnityEngine.SharedInternalsModule_CodeGen.c
  UnityEngine.TextRenderingModule_CodeGen.c
  UnityEngine.AIModule.cpp
  gzwrite.c
  Microsoft.MixedReality.Toolkit.Providers.WindowsMixedReality.Shared_CodeGen.c
  UnityEngine.DirectorModule.cpp
  UnityEngine.TerrainModule_CodeGen.c
  UnityEngine.Physics2DModule_CodeGen.c
  gzlib.c
  crc32.c
  UnityEngine.InputLegacyModule_CodeGen.c
  inffast.c
  inftrees.c
  il2cpp-api.cpp
  I18N.MidEast_CodeGen.c
  VuforiaScripts_CodeGen.c
  Microsoft.MixedReality.Toolkit.Services.SpatialAwarenessSystem_CodeGen.c
  System.Numerics_CodeGen.c
  Microsoft.MixedReality.Toolkit.Services.TeleportSystem_CodeGen.c
  UnityEngine.TilemapModule_CodeGen.c
  zutil.c
  UnityEngine.VideoModule_CodeGen.c
  System.Xml_CodeGen.c
  Il2CppCodeRegistration.cpp
  UnityEngine.UIElementsModule_CodeGen.c
  Microsoft.MixedReality.Toolkit.Services.CameraSystem_CodeGen.c
  UnityEngine.ImageConversionModule.cpp
  System.Configuration_CodeGen.c
  UnityEngine.UnityAnalyticsModule_CodeGen.c
  adler32.c
  UnityEngine.VFXModule_CodeGen.c
  Mono.Security_CodeGen.c
  UnityEngine.InputModule_CodeGen.c
  uncompr.c
  Microsoft.MixedReality.Toolkit.Services.BoundarySystem_CodeGen.c
  UnityEngine.GridModule.cpp
  Il2CppReversePInvokeWrapperTable.cpp
  compress.c
  UnityAdsStubs.cpp
  UnityEngine.AIModule_CodeGen.c
  UnityEngine.JSONSerializeModule_CodeGen.c
  System.Runtime.WindowsRuntime.UI.Xaml_CodeGen.c
  krait_signal_handler.c
  UnityEngine.ImageConversionModule_CodeGen.c
  Il2CppMetadataRegistration.c
  UnityEngine.AssetBundleModule_CodeGen.c
  UnityEngine.DirectorModule_CodeGen.c
  System.Numerics.Vectors.cpp
  System.ObjectModel.cpp
  System.Runtime.cpp
  System.Runtime.InteropServices.WindowsRuntime.cpp
  UnityEngine.cpp
  Lump_libil2cpp_utils.cpp
  Lump_libil2cpp_metadata.cpp
  il2cpp-benchmark-support.cpp
  gzclose.c
  UnityEngine.GridModule_CodeGen.c
  System.Numerics.Vectors_CodeGen.c
  System.Runtime.InteropServices.WindowsRuntime_CodeGen.c
  UnityEngine_CodeGen.c
  System.ObjectModel_CodeGen.c
  System.Runtime_CodeGen.c
  Lump_libil2cpp_mono-runtime.cpp
  Lump_libil2cpp_gc.cpp
  Lump_libil2cpp_debugger.cpp
  Lump_libil2cpp_icalls.cpp
C:\Users\perud\Desktop\New Unity Project\apr23_finallllldemo\Il2CppOutputProject\IL2CPP\libil2cpp\icalls\mscorlib\System\Type.cpp(285): warning C4834: discarding return value of function with 'nodiscard' attribute
  Lump_libil2cpp_vm-utils.cpp
  il2cpp-runtime-stats.cpp
  gc.c
  Lump_libil2cpp_mono.cpp
  Lump_libil2cpp_codegen.cpp
  Lump_libil2cpp_vm.cpp
  Lump_libil2cpp_os.cpp
  ObjectFiles: 363 of which compiled: 363
  	Time Compile: 14059 milliseconds Unity.TextMeshPro3.cpp
  	Time Compile: 13615 milliseconds Unity.TextMeshPro4.cpp
  	Time Compile: 11583 milliseconds Unity.TextMeshPro2.cpp
  	Time Compile: 10137 milliseconds mscorlib5.cpp
  	Time Compile: 9878 milliseconds Il2CppComCallableWrappers16.cpp
  	Time Compile: 9263 milliseconds Il2CppComCallableWrappers30.cpp
  	Time Compile: 8870 milliseconds Il2CppComCallableWrappers18.cpp
  	Time Compile: 8807 milliseconds Il2CppComCallableWrappers33.cpp
  	Time Compile: 8513 milliseconds Il2CppComCallableWrappers26.cpp
  	Time Compile: 8467 milliseconds Il2CppComCallableWrappers24.cpp
  Total compilation time: 91533 milliseconds.
  Creating library C:\Users\perud\Desktop\New Unity Project\apr23_finallllldemo\build\obj\il2cppOutputProject\Win32\Release\linkresult_BAFEE6B5CE77CEC02371D90F65E12410\GameAssembly.lib and object C:\Users\perud\Desktop\New Unity Project\apr23_finallllldemo\build\obj\il2cppOutputProject\Win32\Release\linkresult_BAFEE6B5CE77CEC02371D90F65E12410\GameAssembly.exp
  Total link time: 6692 milliseconds.
  Cleaned up 2 object files.
